C:\Program Files (x86)\Microsoft Visual Studio\2017\Community\Common7\IDE\VC\VCTargets\Microsoft.CppBuild.targets(387,5): warning MSB8028: The intermediate directory (Debug\) contains files shared from another project (Graphics_Project_1.vcxproj, Media Project 1.vcxproj).  This can lead to incorrect clean and rebuild behavior.
  SceneHandler.cpp
  main.cpp
c:\users\alexm\documents\game development - advanced programming 2017\graphics i\midterm\question 6\graphics_project_1\graphics_project_1\main.cpp(237): warning C4018: '<': signed/unsigned mismatch
c:\users\alexm\documents\game development - advanced programming 2017\graphics i\midterm\question 6\graphics_project_1\graphics_project_1\main.cpp(240): warning C4305: '+=': truncation from 'double' to 'float'
c:\users\alexm\documents\game development - advanced programming 2017\graphics i\midterm\question 6\graphics_project_1\graphics_project_1\main.cpp(129): warning C4101: 'vpos_location': unreferenced local variable
c:\users\alexm\documents\game development - advanced programming 2017\graphics i\midterm\question 6\graphics_project_1\graphics_project_1\main.cpp(129): warning C4101: 'vcol_location': unreferenced local variable
c:\users\alexm\documents\game development - advanced programming 2017\graphics i\midterm\question 6\graphics_project_1\graphics_project_1\main.cpp(128): warning C4101: 'fragment_shader': unreferenced local variable
c:\users\alexm\documents\game development - advanced programming 2017\graphics i\midterm\question 6\graphics_project_1\graphics_project_1\main.cpp(128): warning C4101: 'vertex_shader': unreferenced local variable
c:\users\alexm\documents\game development - advanced programming 2017\graphics i\midterm\question 6\graphics_project_1\graphics_project_1\main.cpp(129): warning C4101: 'mvp_location': unreferenced local variable
c:\users\alexm\documents\game development - advanced programming 2017\graphics i\midterm\question 6\graphics_project_1\graphics_project_1\main.cpp(128): warning C4101: 'program': unreferenced local variable
c:\users\alexm\documents\game development - advanced programming 2017\graphics i\midterm\question 6\graphics_project_1\graphics_project_1\main.cpp(128): warning C4101: 'vertex_buffer': unreferenced local variable
  cVAOMeshManager.cpp
  cShaderManager.cpp
  cShader.cpp
  cMesh.cpp
  cLightManager.cpp
c:\users\alexm\documents\game development - advanced programming 2017\graphics i\midterm\question 6\graphics_project_1\graphics_project_1\clightmanager.cpp(100): warning C4018: '<': signed/unsigned mismatch
c:\users\alexm\documents\game development - advanced programming 2017\graphics i\midterm\question 6\graphics_project_1\graphics_project_1\clightmanager.cpp(114): warning C4018: '<': signed/unsigned mismatch
  cGameObject.cpp
  Generating Code...
c:\users\alexm\documents\game development - advanced programming 2017\graphics i\midterm\question 6\graphics_project_1\graphics_project_1\cvaomeshmanager.cpp(180): warning C4715: 'cVAOMeshManager::lookupVAOFromName': not all control paths return a value
  glad.c
glfw3.lib(context.obj) : warning LNK4099: PDB 'glfw.pdb' was not found with 'glfw3.lib(context.obj)' or at 'C:\Users\alexm\Documents\Game Development - Advanced Programming 2017\Graphics I\Midterm\Question 6\Graphics_Project_1\Debug\glfw.pdb'; linking object as if no debug info
glfw3.lib(init.obj) : warning LNK4099: PDB 'glfw.pdb' was not found with 'glfw3.lib(init.obj)' or at 'C:\Users\alexm\Documents\Game Development - Advanced Programming 2017\Graphics I\Midterm\Question 6\Graphics_Project_1\Debug\glfw.pdb'; linking object as if no debug info
glfw3.lib(input.obj) : warning LNK4099: PDB 'glfw.pdb' was not found with 'glfw3.lib(input.obj)' or at 'C:\Users\alexm\Documents\Game Development - Advanced Programming 2017\Graphics I\Midterm\Question 6\Graphics_Project_1\Debug\glfw.pdb'; linking object as if no debug info
glfw3.lib(monitor.obj) : warning LNK4099: PDB 'glfw.pdb' was not found with 'glfw3.lib(monitor.obj)' or at 'C:\Users\alexm\Documents\Game Development - Advanced Programming 2017\Graphics I\Midterm\Question 6\Graphics_Project_1\Debug\glfw.pdb'; linking object as if no debug info
glfw3.lib(vulkan.obj) : warning LNK4099: PDB 'glfw.pdb' was not found with 'glfw3.lib(vulkan.obj)' or at 'C:\Users\alexm\Documents\Game Development - Advanced Programming 2017\Graphics I\Midterm\Question 6\Graphics_Project_1\Debug\glfw.pdb'; linking object as if no debug info
glfw3.lib(window.obj) : warning LNK4099: PDB 'glfw.pdb' was not found with 'glfw3.lib(window.obj)' or at 'C:\Users\alexm\Documents\Game Development - Advanced Programming 2017\Graphics I\Midterm\Question 6\Graphics_Project_1\Debug\glfw.pdb'; linking object as if no debug info
glfw3.lib(win32_init.obj) : warning LNK4099: PDB 'glfw.pdb' was not found with 'glfw3.lib(win32_init.obj)' or at 'C:\Users\alexm\Documents\Game Development - Advanced Programming 2017\Graphics I\Midterm\Question 6\Graphics_Project_1\Debug\glfw.pdb'; linking object as if no debug info
glfw3.lib(win32_joystick.obj) : warning LNK4099: PDB 'glfw.pdb' was not found with 'glfw3.lib(win32_joystick.obj)' or at 'C:\Users\alexm\Documents\Game Development - Advanced Programming 2017\Graphics I\Midterm\Question 6\Graphics_Project_1\Debug\glfw.pdb'; linking object as if no debug info
glfw3.lib(win32_monitor.obj) : warning LNK4099: PDB 'glfw.pdb' was not found with 'glfw3.lib(win32_monitor.obj)' or at 'C:\Users\alexm\Documents\Game Development - Advanced Programming 2017\Graphics I\Midterm\Question 6\Graphics_Project_1\Debug\glfw.pdb'; linking object as if no debug info
glfw3.lib(win32_time.obj) : warning LNK4099: PDB 'glfw.pdb' was not found with 'glfw3.lib(win32_time.obj)' or at 'C:\Users\alexm\Documents\Game Development - Advanced Programming 2017\Graphics I\Midterm\Question 6\Graphics_Project_1\Debug\glfw.pdb'; linking object as if no debug info
glfw3.lib(win32_tls.obj) : warning LNK4099: PDB 'glfw.pdb' was not found with 'glfw3.lib(win32_tls.obj)' or at 'C:\Users\alexm\Documents\Game Development - Advanced Programming 2017\Graphics I\Midterm\Question 6\Graphics_Project_1\Debug\glfw.pdb'; linking object as if no debug info
glfw3.lib(win32_window.obj) : warning LNK4099: PDB 'glfw.pdb' was not found with 'glfw3.lib(win32_window.obj)' or at 'C:\Users\alexm\Documents\Game Development - Advanced Programming 2017\Graphics I\Midterm\Question 6\Graphics_Project_1\Debug\glfw.pdb'; linking object as if no debug info
glfw3.lib(wgl_context.obj) : warning LNK4099: PDB 'glfw.pdb' was not found with 'glfw3.lib(wgl_context.obj)' or at 'C:\Users\alexm\Documents\Game Development - Advanced Programming 2017\Graphics I\Midterm\Question 6\Graphics_Project_1\Debug\glfw.pdb'; linking object as if no debug info
glfw3.lib(egl_context.obj) : warning LNK4099: PDB 'glfw.pdb' was not found with 'glfw3.lib(egl_context.obj)' or at 'C:\Users\alexm\Documents\Game Development - Advanced Programming 2017\Graphics I\Midterm\Question 6\Graphics_Project_1\Debug\glfw.pdb'; linking object as if no debug info
  Graphics_Project_1.vcxproj -> C:\Users\alexm\Documents\Game Development - Advanced Programming 2017\Graphics I\Midterm\Question 6\Graphics_Project_1\Debug\Graphics_Midterm.exe
  Graphics_Project_1.vcxproj -> C:\Users\alexm\Documents\Game Development - Advanced Programming 2017\Graphics I\Midterm\Question 6\Graphics_Project_1\Debug\Graphics_Midterm.pdb (Partial PDB)
